This is pdfTeX, Version 3.14159265-2.6-1.40.16 (TeX Live 2015/Debian) (preloaded format=pdflatex 2019.6.12)  4 NOV 2019 11:42
entering extended mode
 restricted \write18 enabled.
 %&-line parsing enabled.
**mtech-report-template.tex
(./mtech-report-template.tex
LaTeX2e <2016/02/01>
Babel <3.9q> and hyphenation patterns for 81 language(s) loaded.
(/usr/share/texlive/texmf-dist/tex/latex/base/article.cls
Document Class: article 2014/09/29 v1.4h Standard LaTeX document class
(/usr/share/texlive/texmf-dist/tex/latex/base/size10.clo
File: size10.clo 2014/09/29 v1.4h Standard LaTeX file (size option)
)
\c@part=\count79
\c@section=\count80
\c@subsection=\count81
\c@subsubsection=\count82
\c@paragraph=\count83
\c@subparagraph=\count84
\c@figure=\count85
\c@table=\count86
\abovecaptionskip=\skip41
\belowcaptionskip=\skip42
\bibindent=\dimen102
)
(/usr/share/texlive/texmf-dist/tex/latex/comment/comment.sty
\CommentStream=\write3

Excluding comment 'comment')
(/usr/share/texlive/texmf-dist/tex/latex/tools/multicol.sty
Package: multicol 2015/08/19 v1.8n multicolumn formatting (FMi)
\c@tracingmulticols=\count87
\mult@box=\box26
\multicol@leftmargin=\dimen103
\c@unbalance=\count88
\c@collectmore=\count89
\doublecol@number=\count90
\multicoltolerance=\count91
\multicolpretolerance=\count92
\full@width=\dimen104
\page@free=\dimen105
\premulticols=\dimen106
\postmulticols=\dimen107
\multicolsep=\skip43
\multicolbaselineskip=\skip44
\partial@page=\box27
\last@line=\box28
\maxbalancingoverflow=\dimen108
\mult@rightbox=\box29
\mult@grightbox=\box30
\mult@gfirstbox=\box31
\mult@firstbox=\box32
\@tempa=\box33
\@tempa=\box34
\@tempa=\box35
\@tempa=\box36
\@tempa=\box37
\@tempa=\box38
\@tempa=\box39
\@tempa=\box40
\@tempa=\box41
\@tempa=\box42
\@tempa=\box43
\@tempa=\box44
\@tempa=\box45
\@tempa=\box46
\@tempa=\box47
\@tempa=\box48
\@tempa=\box49
\c@columnbadness=\count93
\c@finalcolumnbadness=\count94
\last@try=\dimen109
\multicolovershoot=\dimen110
\multicolundershoot=\dimen111
\mult@nat@firstbox=\box50
\colbreak@box=\box51
\mc@col@check@num=\count95
)
(/usr/share/texlive/texmf-dist/tex/latex/caption/caption.sty
Package: caption 2016/02/21 v3.3-144 Customizing captions (AR)

(/usr/share/texlive/texmf-dist/tex/latex/caption/caption3.sty
Package: caption3 2016/02/04 v1.7-139 caption3 kernel (AR)
Package caption3 Info: TeX engine: e-TeX on input line 67.

(/usr/share/texlive/texmf-dist/tex/latex/graphics/keyval.sty
Package: keyval 2014/10/28 v1.15 key=value parser (DPC)
\KV@toks@=\toks14
)
\captionmargin=\dimen112
\captionmargin@=\dimen113
\captionwidth=\dimen114
\caption@tempdima=\dimen115
\caption@indent=\dimen116
\caption@parindent=\dimen117
\caption@hangindent=\dimen118
)
\c@ContinuedFloat=\count96
)
(/usr/share/texlive/texmf-dist/tex/latex/caption/subcaption.sty
Package: subcaption 2016/02/20 v1.1-142 Sub-captions (AR)
\c@subfigure=\count97
\c@subtable=\count98
)
(/usr/share/texlive/texmf-dist/tex/latex/boxedminipage/boxedminipage.sty)
(/usr/share/texlive/texmf-dist/tex/latex/graphics/graphicx.sty
Package: graphicx 2014/10/28 v1.0g Enhanced LaTeX Graphics (DPC,SPQR)

(/usr/share/texlive/texmf-dist/tex/latex/graphics/graphics.sty
Package: graphics 2016/01/03 v1.0q Standard LaTeX Graphics (DPC,SPQR)

(/usr/share/texlive/texmf-dist/tex/latex/graphics/trig.sty
Package: trig 2016/01/03 v1.10 sin cos tan (DPC)
)
(/usr/share/texlive/texmf-dist/tex/latex/latexconfig/graphics.cfg
File: graphics.cfg 2010/04/23 v1.9 graphics configuration of TeX Live
)
Package graphics Info: Driver file: pdftex.def on input line 95.

(/usr/share/texlive/texmf-dist/tex/latex/pdftex-def/pdftex.def
File: pdftex.def 2011/05/27 v0.06d Graphics/color for pdfTeX

(/usr/share/texlive/texmf-dist/tex/generic/oberdiek/infwarerr.sty
Package: infwarerr 2010/04/08 v1.3 Providing info/warning/error messages (HO)
)
(/usr/share/texlive/texmf-dist/tex/generic/oberdiek/ltxcmds.sty
Package: ltxcmds 2011/11/09 v1.22 LaTeX kernel commands for general use (HO)
)
\Gread@gobject=\count99
))
\Gin@req@height=\dimen119
\Gin@req@width=\dimen120
)
(/usr/share/texlive/texmf-dist/tex/latex/subfig/subfig.sty
Package: subfig 2005/06/28 ver: 1.3 subfig package
\c@KVtest=\count100
\sf@farskip=\skip45
\sf@captopadj=\dimen121
\sf@capskip=\skip46
\sf@nearskip=\skip47
\sf@top=\skip48
\sf@bottom=\skip49
)
(/usr/share/texlive/texmf-dist/tex/latex/url/url.sty
\Urlmuskip=\muskip10
Package: url 2013/09/16  ver 3.4  Verb mode for urls, etc.
)
(/usr/share/texlive/texmf-dist/tex/latex/amsmath/amsmath.sty
Package: amsmath 2016/03/03 v2.15a AMS math features
\@mathmargin=\skip50

For additional information on amsmath, use the `?' option.
(/usr/share/texlive/texmf-dist/tex/latex/amsmath/amstext.sty
Package: amstext 2000/06/29 v2.01 AMS text

(/usr/share/texlive/texmf-dist/tex/latex/amsmath/amsgen.sty
File: amsgen.sty 1999/11/30 v2.0 generic functions
\@emptytoks=\toks15
\ex@=\dimen122
))
(/usr/share/texlive/texmf-dist/tex/latex/amsmath/amsbsy.sty
Package: amsbsy 1999/11/29 v1.2d Bold Symbols
\pmbraise@=\dimen123
)
(/usr/share/texlive/texmf-dist/tex/latex/amsmath/amsopn.sty
Package: amsopn 1999/12/14 v2.01 operator names
)
\inf@bad=\count101
LaTeX Info: Redefining \frac on input line 199.
\uproot@=\count102
\leftroot@=\count103
LaTeX Info: Redefining \overline on input line 297.
\classnum@=\count104
\DOTSCASE@=\count105
LaTeX Info: Redefining \ldots on input line 394.
LaTeX Info: Redefining \dots on input line 397.
LaTeX Info: Redefining \cdots on input line 518.
\Mathstrutbox@=\box52
\strutbox@=\box53
\big@size=\dimen124
LaTeX Font Info:    Redeclaring font encoding OML on input line 630.
LaTeX Font Info:    Redeclaring font encoding OMS on input line 631.
\macc@depth=\count106
\c@MaxMatrixCols=\count107
\dotsspace@=\muskip11
\c@parentequation=\count108
\dspbrk@lvl=\count109
\tag@help=\toks16
\row@=\count110
\column@=\count111
\maxfields@=\count112
\andhelp@=\toks17
\eqnshift@=\dimen125
\alignsep@=\dimen126
\tagshift@=\dimen127
\tagwidth@=\dimen128
\totwidth@=\dimen129
\lineht@=\dimen130
\@envbody=\toks18
\multlinegap=\skip51
\multlinetaggap=\skip52
\mathdisplay@stack=\toks19
LaTeX Info: Redefining \[ on input line 2735.
LaTeX Info: Redefining \] on input line 2736.
)
(./mtech-report-template.aux

LaTeX Warning: Label `fig:corr1' multiply defined.


LaTeX Warning: Label `sub@fig:corr1' multiply defined.

)
\openout1 = `mtech-report-template.aux'.

LaTeX Font Info:    Checking defaults for OML/cmm/m/it on input line 39.
LaTeX Font Info:    ... okay on input line 39.
LaTeX Font Info:    Checking defaults for T1/cmr/m/n on input line 39.
LaTeX Font Info:    ... okay on input line 39.
LaTeX Font Info:    Checking defaults for OT1/cmr/m/n on input line 39.
LaTeX Font Info:    ... okay on input line 39.
LaTeX Font Info:    Checking defaults for OMS/cmsy/m/n on input line 39.
LaTeX Font Info:    ... okay on input line 39.
LaTeX Font Info:    Checking defaults for OMX/cmex/m/n on input line 39.
LaTeX Font Info:    ... okay on input line 39.
LaTeX Font Info:    Checking defaults for U/cmr/m/n on input line 39.
LaTeX Font Info:    ... okay on input line 39.
Package caption Info: Begin \AtBeginDocument code.
Package caption Info: subfig package v1.3 is loaded.
Package caption Info: End \AtBeginDocument code.
 (/usr/share/texlive/texmf-dist/tex/context/base/supp-pdf.mkii
[Loading MPS to PDF converter (version 2006.09.02).]
\scratchcounter=\count113
\scratchdimen=\dimen131
\scratchbox=\box54
\nofMPsegments=\count114
\nofMParguments=\count115
\everyMPshowfont=\toks20
\MPscratchCnt=\count116
\MPscratchDim=\dimen132
\MPnumerator=\count117
\makeMPintoPDFobject=\count118
\everyMPtoPDFconversion=\toks21
) (/usr/share/texlive/texmf-dist/tex/generic/oberdiek/pdftexcmds.sty
Package: pdftexcmds 2011/11/29 v0.20 Utility functions of pdfTeX for LuaTeX (HO
)

(/usr/share/texlive/texmf-dist/tex/generic/oberdiek/ifluatex.sty
Package: ifluatex 2010/03/01 v1.3 Provides the ifluatex switch (HO)
Package ifluatex Info: LuaTeX not detected.
)
(/usr/share/texlive/texmf-dist/tex/generic/oberdiek/ifpdf.sty
Package: ifpdf 2011/01/30 v2.3 Provides the ifpdf switch (HO)
Package ifpdf Info: pdfTeX in PDF mode is detected.
)
Package pdftexcmds Info: LuaTeX not detected.
Package pdftexcmds Info: \pdf@primitive is available.
Package pdftexcmds Info: \pdf@ifprimitive is available.
Package pdftexcmds Info: \pdfdraftmode found.
)
(/usr/share/texlive/texmf-dist/tex/latex/oberdiek/epstopdf-base.sty
Package: epstopdf-base 2010/02/09 v2.5 Base part for package epstopdf

(/usr/share/texlive/texmf-dist/tex/latex/oberdiek/grfext.sty
Package: grfext 2010/08/19 v1.1 Manage graphics extensions (HO)

(/usr/share/texlive/texmf-dist/tex/generic/oberdiek/kvdefinekeys.sty
Package: kvdefinekeys 2011/04/07 v1.3 Define keys (HO)
))
(/usr/share/texlive/texmf-dist/tex/latex/oberdiek/kvoptions.sty
Package: kvoptions 2011/06/30 v3.11 Key value format for package options (HO)

(/usr/share/texlive/texmf-dist/tex/generic/oberdiek/kvsetkeys.sty
Package: kvsetkeys 2012/04/25 v1.16 Key value parser (HO)

(/usr/share/texlive/texmf-dist/tex/generic/oberdiek/etexcmds.sty
Package: etexcmds 2011/02/16 v1.5 Avoid name clashes with e-TeX commands (HO)
Package etexcmds Info: Could not find \expanded.
(etexcmds)             That can mean that you are not using pdfTeX 1.50 or
(etexcmds)             that some package has redefined \expanded.
(etexcmds)             In the latter case, load this package earlier.
)))
Package grfext Info: Graphics extension search list:
(grfext)             [.png,.pdf,.jpg,.mps,.jpeg,.jbig2,.jb2,.PNG,.PDF,.JPG,.JPE
G,.JBIG2,.JB2,.eps]
(grfext)             \AppendGraphicsExtensions on input line 452.

(/usr/share/texlive/texmf-dist/tex/latex/latexconfig/epstopdf-sys.cfg
File: epstopdf-sys.cfg 2010/07/13 v1.3 Configuration of (r)epstopdf for TeX Liv
e
))
Underfull \hbox (badness 10000) in paragraph at lines 53--54

 []


Underfull \hbox (badness 10000) in paragraph at lines 60--61
[]
 []


Package multicol Warning: I moved some lines to the next page.
(multicol)                Footnotes on page 1 might be wrong on input line 69.

[1

{/var/lib/texmf/fonts/map/pdftex/updmap/pdftex.map}]
Missing character: There is no â in font cmr10!
Missing character: There is no € in font cmr10!
Missing character: There is no ™ in font cmr10!

<./figs/1a.png, id=15, 526.96875pt x 391.4625pt>
File: ./figs/1a.png Graphic file (type png)
 <use ./figs/1a.png>
Package pdftex.def Info: ./figs/1a.png used on input line 90.
(pdftex.def)             Requested size: 237.13374pt x 176.1565pt.

<./figs/1b.png, id=17, 647.41875pt x 459.7175pt>
File: ./figs/1b.png Graphic file (type png)
 <use ./figs/1b.png>
Package pdftex.def Info: ./figs/1b.png used on input line 96.
(pdftex.def)             Requested size: 246.02167pt x 174.69446pt.

Overfull \hbox (2.22221pt too wide) in paragraph at lines 88--100
[]$[]$ $[]$ 
 []

<./figs/2a.png, id=18, 684.5575pt x 347.2975pt>
File: ./figs/2a.png Graphic file (type png)
 <use ./figs/2a.png>
Package pdftex.def Info: ./figs/2a.png used on input line 120.
(pdftex.def)             Requested size: 232.74646pt x 118.07957pt.

<./figs/2b.png, id=19, 548.0475pt x 376.90813pt>
File: ./figs/2b.png Graphic file (type png)
 <use ./figs/2b.png>
Package pdftex.def Info: ./figs/2b.png used on input line 126.
(pdftex.def)             Requested size: 164.41551pt x 113.0733pt.

Overfull \hbox (2.22221pt too wide) in paragraph at lines 105--130
[]$ $[]$ 
 []

[2 <./figs/1a.png> <./figs/1b.png>] Excluding 'comment' comment.
Excluding 'comment' comment. [3 <./figs/2a.png> <./figs/2b.png>]
<./figs/6a.png, id=35, 745.78625pt x 164.615pt>
File: ./figs/6a.png Graphic file (type png)
 <use ./figs/6a.png>
Package pdftex.def Info: ./figs/6a.png used on input line 198.
(pdftex.def)             Requested size: 440.01009pt x 97.122pt.

<./figs/6b.png, id=36, 747.79375pt x 148.555pt>
File: ./figs/6b.png Graphic file (type png)
 <use ./figs/6b.png>
Package pdftex.def Info: ./figs/6b.png used on input line 205.
(pdftex.def)             Requested size: 441.19449pt x 87.64668pt.

<./figs/6c.png, id=37, 854.19125pt x 184.69pt>
File: ./figs/6c.png Graphic file (type png)
 <use ./figs/6c.png>
Package pdftex.def Info: ./figs/6c.png used on input line 212.
(pdftex.def)             Requested size: 486.89407pt x 105.27438pt.

Overfull \hbox (11.02357pt too wide) in paragraph at lines 232--232
[] 
 []

Excluding 'comment' comment. [4 <./figs/6a.png> <./figs/6b.png> <./figs/6c.png>
]
Underfull \hbox (badness 10000) in paragraph at lines 268--269

 []

<./figs/exp/7/a.png, id=46, 685.56125pt x 395.4775pt>
File: ./figs/exp/7/a.png Graphic file (type png)
 <use ./figs/exp/7/a.png>
Package pdftex.def Info: ./figs/exp/7/a.png used on input line 285.
(pdftex.def)             Requested size: 267.36781pt x 154.2356pt.

Overfull \hbox (3.87189pt too wide) in paragraph at lines 284--286
[]  [] 
 []

<./figs/exp/8/a.png, id=47, 763.85374pt x 375.4025pt>
File: ./figs/exp/8/a.png Graphic file (type png)
 <use ./figs/exp/8/a.png>
Package pdftex.def Info: ./figs/exp/8/a.png used on input line 292.
(pdftex.def)             Requested size: 282.62146pt x 138.89674pt.

Overfull \hbox (36.90335pt too wide) in paragraph at lines 292--293
[][] 
 []

<./figs/exp/7/b.png, id=48, 691.58376pt x 408.52625pt>
File: ./figs/exp/7/b.png Graphic file (type png)

<use ./figs/exp/7/b.png>
Package pdftex.def Info: ./figs/exp/7/b.png used on input line 299.
(pdftex.def)             Requested size: 269.71657pt x 159.32458pt.

Overfull \hbox (6.22064pt too wide) in paragraph at lines 298--300
[]  [] 
 []

<./figs/exp/8/b.png, id=49, 744.7825pt x 392.46625pt>
File: ./figs/exp/8/b.png Graphic file (type png)
 <use ./figs/exp/8/b.png>
Package pdftex.def Info: ./figs/exp/8/b.png used on input line 306.
(pdftex.def)             Requested size: 275.56522pt x 145.21022pt.

Overfull \hbox (29.8471pt too wide) in paragraph at lines 306--307
[][] 
 []

<./figs/exp/7/c.png, id=50, 683.55376pt x 406.51875pt>
File: ./figs/exp/7/c.png Graphic file (type png)

<use ./figs/exp/7/c.png>
Package pdftex.def Info: ./figs/exp/7/c.png used on input line 313.
(pdftex.def)             Requested size: 266.58488pt x 158.54167pt.

Overfull \hbox (3.08896pt too wide) in paragraph at lines 312--314
[]  [] 
 []

<./figs/exp/8/c.png, id=51, 781.92125pt x 452.69125pt>
File: ./figs/exp/8/c.png Graphic file (type png)

<use ./figs/exp/8/c.png>
Package pdftex.def Info: ./figs/exp/8/c.png used on input line 320.
(pdftex.def)             Requested size: 281.49144pt x 162.96872pt.

Overfull \hbox (35.77333pt too wide) in paragraph at lines 320--321
[][] 
 []


Overfull \hbox (6.66664pt too wide) in paragraph at lines 283--324
[]$[]$   $[]$
 []


Overfull \hbox (6.66664pt too wide) in paragraph at lines 283--324
$[]$   $[]$
 []


Overfull \hbox (6.66664pt too wide) in paragraph at lines 283--324
$[]$   $[]$ 
 []

[5] [6 <./figs/exp/7/a.png> <./figs/exp/8/a.png> <./figs/exp/7/b.png> <./figs/e
xp/8/b.png> <./figs/exp/7/c.png> <./figs/exp/8/c.png>]
Underfull \hbox (badness 10000) in paragraph at lines 333--334
\OML/cmm/m/it/10 cast[]info=cast[]info[]sorted=cast[]info[]sorted[]desc$\OT1/cm
r/m/n/10 .
 []

<./figs/exp/9/a.png, id=64, 689.57625pt x 351.3125pt>
File: ./figs/exp/9/a.png Graphic file (type png)
 <use ./figs/exp/9/a.png>
Package pdftex.def Info: ./figs/exp/9/a.png used on input line 342.
(pdftex.def)             Requested size: 255.1392pt x 129.98358pt.

<./figs/exp/9/b.png, id=65, 701.62125pt x 393.47pt>
File: ./figs/exp/9/b.png Graphic file (type png)
 <use ./figs/exp/9/b.png>
Package pdftex.def Info: ./figs/exp/9/b.png used on input line 349.
(pdftex.def)             Requested size: 259.5958pt x 145.5816pt.

Overfull \hbox (13.87769pt too wide) in paragraph at lines 349--350
[][] 
 []

<./figs/exp/9/c.png, id=66, 713.66624pt x 382.42876pt>
File: ./figs/exp/9/c.png Graphic file (type png)

<use ./figs/exp/9/c.png>
Package pdftex.def Info: ./figs/exp/9/c.png used on input line 356.
(pdftex.def)             Requested size: 264.05237pt x 141.49641pt.

Overfull \hbox (6.66664pt too wide) in paragraph at lines 340--360
[]$[]$   $[]$
 []

[7 <./figs/exp/9/a.png> <./figs/exp/9/b.png> <./figs/exp/9/c.png>]
Underfull \hbox (badness 5578) in paragraph at lines 413--416
[]\OT1/cmr/m/n/10 W. Wu, Y. Chi, S. Zhu, J. Tate-mura,
 []


Underfull \hbox (badness 5832) in paragraph at lines 418--421
[]\OT1/cmr/m/n/10 W. Wu, Xi Wu, H. Hacig^^?um^^?us and J.
 []

[8] (./mtech-report-template.aux)

LaTeX Warning: There were multiply-defined labels.

 ) 
Here is how much of TeX's memory you used:
 3702 strings out of 493029
 56053 string characters out of 6136234
 136304 words of memory out of 5000000
 7181 multiletter control sequences out of 15000+600000
 11120 words of font info for 40 fonts, out of 8000000 for 9000
 1141 hyphenation exceptions out of 8191
 38i,18n,39p,1393b,474s stack positions out of 5000i,500n,10000p,200000b,80000s
</usr/share/texlive/texmf-dist/fonts/type1/public/amsfonts/cm/cmbx10.pfb></us
r/share/texlive/texmf-dist/fonts/type1/public/amsfonts/cm/cmbx12.pfb></usr/shar
e/texlive/texmf-dist/fonts/type1/public/amsfonts/cm/cmbx9.pfb></usr/share/texli
ve/texmf-dist/fonts/type1/public/amsfonts/cm/cmmi10.pfb></usr/share/texlive/tex
mf-dist/fonts/type1/public/amsfonts/cm/cmmi7.pfb></usr/share/texlive/texmf-dist
/fonts/type1/public/amsfonts/cm/cmmi8.pfb></usr/share/texlive/texmf-dist/fonts/
type1/public/amsfonts/cm/cmr10.pfb></usr/share/texlive/texmf-dist/fonts/type1/p
ublic/amsfonts/cm/cmr12.pfb></usr/share/texlive/texmf-dist/fonts/type1/public/a
msfonts/cm/cmr6.pfb></usr/share/texlive/texmf-dist/fonts/type1/public/amsfonts/
cm/cmr7.pfb></usr/share/texlive/texmf-dist/fonts/type1/public/amsfonts/cm/cmr8.
pfb></usr/share/texlive/texmf-dist/fonts/type1/public/amsfonts/cm/cmr9.pfb></us
r/share/texlive/texmf-dist/fonts/type1/public/amsfonts/cm/cmss9.pfb></usr/share
/texlive/texmf-dist/fonts/type1/public/amsfonts/cm/cmsy10.pfb></usr/share/texli
ve/texmf-dist/fonts/type1/public/amsfonts/cm/cmsy8.pfb></usr/share/texlive/texm
f-dist/fonts/type1/public/amsfonts/cm/cmsy9.pfb></usr/share/texlive/texmf-dist/
fonts/type1/public/amsfonts/cm/cmti10.pfb>
Output written on mtech-report-template.pdf (8 pages, 1933054 bytes).
PDF statistics:
 132 PDF objects out of 1000 (max. 8388607)
 72 compressed objects within 1 object stream
 0 named destinations out of 1000 (max. 500000)
 81 words of extra memory for PDF output out of 10000 (max. 10000000)

